d:\university works\master\csc8502\csc8502 2021\csc8502 2021\nclgl\win32\debug\nclgl.pdb
d:\university works\master\csc8502\csc8502 2021\csc8502 2021\nclgl\win32\debug\nclgl.idb
d:\university works\master\csc8502\csc8502 2021\csc8502 2021\nclgl\win32\debug\glad.obj
d:\university works\master\csc8502\csc8502 2021\csc8502 2021\nclgl\win32\debug\window.obj
d:\university works\master\csc8502\csc8502 2021\csc8502 2021\nclgl\win32\debug\shader.obj
d:\university works\master\csc8502\csc8502 2021\csc8502 2021\nclgl\win32\debug\quaternion.obj
d:\university works\master\csc8502\csc8502 2021\csc8502 2021\nclgl\win32\debug\oglrenderer.obj
d:\university works\master\csc8502\csc8502 2021\csc8502 2021\nclgl\win32\debug\mouse.obj
d:\university works\master\csc8502\csc8502 2021\csc8502 2021\nclgl\win32\debug\meshmaterial.obj
d:\university works\master\csc8502\csc8502 2021\csc8502 2021\nclgl\win32\debug\meshanimation.obj
d:\university works\master\csc8502\csc8502 2021\csc8502 2021\nclgl\win32\debug\mesh.obj
d:\university works\master\csc8502\csc8502 2021\csc8502 2021\nclgl\win32\debug\matrix4.obj
d:\university works\master\csc8502\csc8502 2021\csc8502 2021\nclgl\win32\debug\matrix3.obj
d:\university works\master\csc8502\csc8502 2021\csc8502 2021\nclgl\win32\debug\matrix2.obj
d:\university works\master\csc8502\csc8502 2021\csc8502 2021\nclgl\win32\debug\keyboard.obj
d:\university works\master\csc8502\csc8502 2021\csc8502 2021\nclgl\win32\debug\gametimer.obj
d:\university works\master\csc8502\csc8502 2021\csc8502 2021\nclgl\win32\debug\computeshader.obj
d:\university works\master\csc8502\csc8502 2021\csc8502 2021\win32\debug\nclgl.lib
d:\university works\master\csc8502\csc8502 assignment\csc8502 assignment\nclgl\win32\debug\window.obj
d:\university works\master\csc8502\csc8502 assignment\csc8502 assignment\nclgl\win32\debug\shader.obj
d:\university works\master\csc8502\csc8502 assignment\csc8502 assignment\nclgl\win32\debug\quaternion.obj
d:\university works\master\csc8502\csc8502 assignment\csc8502 assignment\nclgl\win32\debug\oglrenderer.obj
d:\university works\master\csc8502\csc8502 assignment\csc8502 assignment\nclgl\win32\debug\mouse.obj
d:\university works\master\csc8502\csc8502 assignment\csc8502 assignment\nclgl\win32\debug\meshmaterial.obj
d:\university works\master\csc8502\csc8502 assignment\csc8502 assignment\nclgl\win32\debug\meshanimation.obj
d:\university works\master\csc8502\csc8502 assignment\csc8502 assignment\nclgl\win32\debug\mesh.obj
d:\university works\master\csc8502\csc8502 assignment\csc8502 assignment\nclgl\win32\debug\matrix4.obj
d:\university works\master\csc8502\csc8502 assignment\csc8502 assignment\nclgl\win32\debug\matrix3.obj
d:\university works\master\csc8502\csc8502 assignment\csc8502 assignment\nclgl\win32\debug\matrix2.obj
d:\university works\master\csc8502\csc8502 assignment\csc8502 assignment\nclgl\win32\debug\keyboard.obj
d:\university works\master\csc8502\csc8502 assignment\csc8502 assignment\nclgl\win32\debug\gametimer.obj
d:\university works\master\csc8502\csc8502 assignment\csc8502 assignment\nclgl\win32\debug\computeshader.obj
d:\university works\master\csc8502\csc8502 assignment\csc8502 assignment\nclgl\win32\debug\nclgl.idb
d:\university works\master\csc8502\csc8502 assignment\csc8502 assignment\nclgl\win32\debug\nclgl.pdb
d:\university works\master\csc8502\csc8502 assignment\csc8502 assignment\nclgl\win32\debug\nclgl.tlog\cl.read.1.tlog
d:\university works\master\csc8502\csc8502 assignment\csc8502 assignment\nclgl\win32\debug\nclgl.tlog\cl.write.1.tlog
d:\university works\master\csc8502\csc8502 assignment\csc8502 assignment\nclgl\win32\debug\nclgl.tlog\cl.command.1.tlog
d:\university works\master\csc8502\csc8502 assignment\csc8502 assignment\nclgl\win32\debug\nclgl.tlog\lib-link.read.1.tlog
d:\university works\master\csc8502\csc8502 assignment\csc8502 assignment\nclgl\win32\debug\nclgl.tlog\lib-link.write.1.tlog
d:\university works\master\csc8502\csc8502 assignment\csc8502 assignment\nclgl\win32\debug\nclgl.tlog\lib.command.1.tlog
